<?xml version="1.0" encoding="UTF-8"?>
<!-- Generated by org.testng.reporters.JUnitReportReporter -->
<testsuite hostname="sys" name="com.reiff.testcases.RunTest" tests="1" failures="0" timestamp="7 Jan 2017 21:48:17 GMT" time="102.379" errors="0">
  <testcase name="runTest" time="102.379" classname="com.reiff.testcases.RunTest"/>
</testsuite> <!-- com.reiff.testcases.RunTest -->
