<?xml version="1.0" encoding="UTF-8"?>
<!-- Generated by org.testng.reporters.JUnitReportReporter -->
<testsuite hostname="sys" name="com.reiff.testcases.Login" tests="1" failures="0" timestamp="11 Dec 2016 18:03:23 GMT" time="21.762" errors="0">
  <testcase name="clickSignInLink" time="21.762" classname="com.reiff.testcases.Login"/>
</testsuite> <!-- com.reiff.testcases.Login -->
