<?xml version="1.0" encoding="UTF-8"?>
<!-- Generated by org.testng.reporters.JUnitReportReporter -->
<testsuite hostname="sys" name="com.reiff.testcases.Login" tests="1" failures="0" timestamp="8 Dec 2016 02:26:25 GMT" time="4.177" errors="0">
  <testcase name="clicklogin" time="4.177" classname="com.reiff.testcases.Login"/>
</testsuite> <!-- com.reiff.testcases.Login -->
