<?xml version="1.0" encoding="UTF-8"?>
<!-- Generated by org.testng.reporters.JUnitReportReporter -->
<testsuite hostname="sys" name="com.rediff.utill.XmlSuiteAndtestNgAPI$MyTestClass" tests="30" failures="0" timestamp="11 Dec 2016 02:57:10 GMT" time="0.036" errors="0">
  <testcase name="testMethod" time="0.001" classname="com.rediff.utill.XmlSuiteAndtestNgAPI$MyTestClass"/>
  <testcase name="testMethod" time="0.002" classname="com.rediff.utill.XmlSuiteAndtestNgAPI$MyTestClass"/>
  <testcase name="testMethod" time="0.001" classname="com.rediff.utill.XmlSuiteAndtestNgAPI$MyTestClass"/>
  <testcase name="testMethod" time="0.001" classname="com.rediff.utill.XmlSuiteAndtestNgAPI$MyTestClass"/>
  <testcase name="testMethod" time="0.000" classname="com.rediff.utill.XmlSuiteAndtestNgAPI$MyTestClass"/>
  <testcase name="testMethod" time="0.000" classname="com.rediff.utill.XmlSuiteAndtestNgAPI$MyTestClass"/>
  <testcase name="testMethod" time="0.001" classname="com.rediff.utill.XmlSuiteAndtestNgAPI$MyTestClass"/>
  <testcase name="testMethod" time="0.000" classname="com.rediff.utill.XmlSuiteAndtestNgAPI$MyTestClass"/>
  <testcase name="testMethod" time="0.001" classname="com.rediff.utill.XmlSuiteAndtestNgAPI$MyTestClass"/>
  <testcase name="testMethod" time="0.000" classname="com.rediff.utill.XmlSuiteAndtestNgAPI$MyTestClass"/>
  <testcase name="testMethod" time="0.000" classname="com.rediff.utill.XmlSuiteAndtestNgAPI$MyTestClass"/>
  <testcase name="testMethod" time="0.001" classname="com.rediff.utill.XmlSuiteAndtestNgAPI$MyTestClass"/>
  <testcase name="testMethod" time="0.005" classname="com.rediff.utill.XmlSuiteAndtestNgAPI$MyTestClass"/>
  <testcase name="testMethod" time="0.001" classname="com.rediff.utill.XmlSuiteAndtestNgAPI$MyTestClass"/>
  <testcase name="testMethod" time="0.001" classname="com.rediff.utill.XmlSuiteAndtestNgAPI$MyTestClass"/>
  <testcase name="testMethod" time="0.000" classname="com.rediff.utill.XmlSuiteAndtestNgAPI$MyTestClass"/>
  <testcase name="testMethod" time="0.001" classname="com.rediff.utill.XmlSuiteAndtestNgAPI$MyTestClass"/>
  <testcase name="testMethod" time="0.001" classname="com.rediff.utill.XmlSuiteAndtestNgAPI$MyTestClass"/>
  <testcase name="testMethod" time="0.001" classname="com.rediff.utill.XmlSuiteAndtestNgAPI$MyTestClass"/>
  <testcase name="testMethod" time="0.001" classname="com.rediff.utill.XmlSuiteAndtestNgAPI$MyTestClass"/>
  <testcase name="testMethod" time="0.001" classname="com.rediff.utill.XmlSuiteAndtestNgAPI$MyTestClass"/>
  <testcase name="testMethod" time="0.000" classname="com.rediff.utill.XmlSuiteAndtestNgAPI$MyTestClass"/>
  <testcase name="testMethod" time="0.001" classname="com.rediff.utill.XmlSuiteAndtestNgAPI$MyTestClass"/>
  <testcase name="testMethod" time="0.001" classname="com.rediff.utill.XmlSuiteAndtestNgAPI$MyTestClass"/>
  <testcase name="testMethod" time="0.000" classname="com.rediff.utill.XmlSuiteAndtestNgAPI$MyTestClass"/>
  <testcase name="testMethod" time="0.001" classname="com.rediff.utill.XmlSuiteAndtestNgAPI$MyTestClass"/>
  <testcase name="testMethod" time="0.002" classname="com.rediff.utill.XmlSuiteAndtestNgAPI$MyTestClass"/>
  <testcase name="testMethod" time="0.001" classname="com.rediff.utill.XmlSuiteAndtestNgAPI$MyTestClass"/>
  <testcase name="testMethod" time="0.001" classname="com.rediff.utill.XmlSuiteAndtestNgAPI$MyTestClass"/>
  <testcase name="testMethod" time="0.009" classname="com.rediff.utill.XmlSuiteAndtestNgAPI$MyTestClass"/>
</testsuite> <!-- com.rediff.utill.XmlSuiteAndtestNgAPI$MyTestClass -->
